# JRE version: Java(TM) SE Runtime Environment (8.0_65-b17) (build 1.8.0_65-b17)
# Java VM: Java HotSpot(TM) 64-Bit Server VM (25.65-b01 mixed mode windows-amd64 compressed oops)
Heap:
 PSYoungGen      total 204800K, used 0K [0x0000000780000000, 0x0000000792b80000, 0x00000007c0000000)
  eden space 196608K, 0% used [0x0000000780000000,0x0000000780000000,0x000000078c000000)
  from space 8192K, 0% used [0x000000078c000000,0x000000078c000000,0x000000078c800000)
  to   space 37376K, 0% used [0x0000000790700000,0x0000000790700000,0x0000000792b80000)
 ParOldGen       total 94720K, used 54029K [0x0000000700000000, 0x000000070be80000, 0x0000000780000000)
  object space 94720K, 57% used [0x0000000700000000,0x00000007034c3708,0x0000000705c80000)
 Metaspace       used 34893K, capacity 35340K, committed 35496K, reserved 1079296K
  class space    used 5710K, capacity 5850K, committed 5888K, reserved 1048576K
GC Heap History (10 events):
Event: 1.311 GC heap after
Heap after GC invocations=2 (full 0):
 PSYoungGen      total 106496K, used 8171K [0x0000000780000000, 0x0000000787000000, 0x00000007c0000000)
  eden space 98304K, 0% used [0x0000000780000000,0x0000000780000000,0x0000000786000000)
  from space 8192K, 99% used [0x0000000786800000,0x0000000786ffad30,0x0000000787000000)
  to   space 8192K, 0% used [0x0000000786000000,0x0000000786000000,0x0000000786800000)
 ParOldGen       total 131072K, used 203K [0x0000000700000000, 0x0000000708000000, 0x0000000780000000)
  object space 131072K, 0% used [0x0000000700000000,0x0000000700032e20,0x0000000708000000)
 Metaspace       used 13647K, capacity 13954K, committed 14208K, reserved 1060864K
  class space    used 2020K, capacity 2127K, committed 2176K, reserved 1048576K
}
Event: 1.916 GC heap before
{Heap before GC invocations=3 (full 0):
 PSYoungGen      total 106496K, used 69709K [0x0000000780000000, 0x0000000787000000, 0x00000007c0000000)
  eden space 98304K, 62% used [0x0000000780000000,0x0000000783c18770,0x0000000786000000)
  from space 8192K, 99% used [0x0000000786800000,0x0000000786ffad30,0x0000000787000000)
  to   space 8192K, 0% used [0x0000000786000000,0x0000000786000000,0x0000000786800000)
 ParOldGen       total 131072K, used 203K [0x0000000700000000, 0x0000000708000000, 0x0000000780000000)
  object space 131072K, 0% used [0x0000000700000000,0x0000000700032e20,0x0000000708000000)
 Metaspace       used 20781K, capacity 21218K, committed 21296K, reserved 1067008K
  class space    used 3581K, capacity 3704K, committed 3712K, reserved 1048576K
Event: 1.930 GC heap after
Heap after GC invocations=3 (full 0):
 PSYoungGen      total 106496K, used 8175K [0x0000000780000000, 0x000000078d000000, 0x00000007c0000000)
  eden space 98304K, 0% used [0x0000000780000000,0x0000000780000000,0x0000000786000000)
  from space 8192K, 99% used [0x0000000786000000,0x00000007867fbe98,0x0000000786800000)
  to   space 8192K, 0% used [0x000000078c800000,0x000000078c800000,0x000000078d000000)
 ParOldGen       total 131072K, used 5730K [0x0000000700000000, 0x0000000708000000, 0x0000000780000000)
  object space 131072K, 4% used [0x0000000700000000,0x0000000700598898,0x0000000708000000)
 Metaspace       used 20781K, capacity 21218K, committed 21296K, reserved 1067008K
  class space    used 3581K, capacity 3704K, committed 3712K, reserved 1048576K
}
Event: 1.930 GC heap before
{Heap before GC invocations=4 (full 1):
 PSYoungGen      total 106496K, used 8175K [0x0000000780000000, 0x000000078d000000, 0x00000007c0000000)
  eden space 98304K, 0% used [0x0000000780000000,0x0000000780000000,0x0000000786000000)
  from space 8192K, 99% used [0x0000000786000000,0x00000007867fbe98,0x0000000786800000)
  to   space 8192K, 0% used [0x000000078c800000,0x000000078c800000,0x000000078d000000)
 ParOldGen       total 131072K, used 5730K [0x0000000700000000, 0x0000000708000000, 0x0000000780000000)
  object space 131072K, 4% used [0x0000000700000000,0x0000000700598898,0x0000000708000000)
 Metaspace       used 20781K, capacity 21218K, committed 21296K, reserved 1067008K
  class space    used 3581K, capacity 3704K, committed 3712K, reserved 1048576K
Event: 1.962 GC heap after
Heap after GC invocations=4 (full 1):
 PSYoungGen      total 106496K, used 0K [0x0000000780000000, 0x000000078d000000, 0x00000007c0000000)
  eden space 98304K, 0% used [0x0000000780000000,0x0000000780000000,0x0000000786000000)
  from space 8192K, 0% used [0x0000000786000000,0x0000000786000000,0x0000000786800000)
  to   space 8192K, 0% used [0x000000078c800000,0x000000078c800000,0x000000078d000000)
 ParOldGen       total 94720K, used 13305K [0x0000000700000000, 0x0000000705c80000, 0x0000000780000000)
  object space 94720K, 14% used [0x0000000700000000,0x0000000700cfe6f8,0x0000000705c80000)
 Metaspace       used 20781K, capacity 21218K, committed 21296K, reserved 1067008K
  class space    used 3581K, capacity 3704K, committed 3712K, reserved 1048576K
}
Event: 5.387 GC heap before
{Heap before GC invocations=5 (full 1):
 PSYoungGen      total 106496K, used 98304K [0x0000000780000000, 0x000000078d000000, 0x00000007c0000000)
  eden space 98304K, 100% used [0x0000000780000000,0x0000000786000000,0x0000000786000000)
  from space 8192K, 0% used [0x0000000786000000,0x0000000786000000,0x0000000786800000)
  to   space 8192K, 0% used [0x000000078c800000,0x000000078c800000,0x000000078d000000)
 ParOldGen       total 94720K, used 13305K [0x0000000700000000, 0x0000000705c80000, 0x0000000780000000)
  object space 94720K, 14% used [0x0000000700000000,0x0000000700cfe6f8,0x0000000705c80000)
 Metaspace       used 29281K, capacity 29736K, committed 29824K, reserved 1073152K
  class space    used 5047K, capacity 5178K, committed 5248K, reserved 1048576K
Event: 5.429 GC heap after
Heap after GC invocations=5 (full 1):
 PSYoungGen      total 151552K, used 8176K [0x0000000780000000, 0x000000078d000000, 0x00000007c0000000)
  eden space 143360K, 0% used [0x0000000780000000,0x0000000780000000,0x0000000788c00000)
  from space 8192K, 99% used [0x000000078c800000,0x000000078cffc080,0x000000078d000000)
  to   space 8192K, 0% used [0x000000078c000000,0x000000078c000000,0x000000078c800000)
 ParOldGen       total 94720K, used 49491K [0x0000000700000000, 0x0000000705c80000, 0x0000000780000000)
  object space 94720K, 52% used [0x0000000700000000,0x0000000703054c00,0x0000000705c80000)
 Metaspace       used 29281K, capacity 29736K, committed 29824K, reserved 1073152K
  class space    used 5047K, capacity 5178K, committed 5248K, reserved 1048576K
}
Event: 5.961 GC heap before
{Heap before GC invocations=6 (full 1):
 PSYoungGen      total 151552K, used 39303K [0x0000000780000000, 0x000000078d000000, 0x00000007c0000000)
  eden space 143360K, 21% used [0x0000000780000000,0x0000000781e65ee0,0x0000000788c00000)
  from space 8192K, 99% used [0x000000078c800000,0x000000078cffc080,0x000000078d000000)
  to   space 8192K, 0% used [0x000000078c000000,0x000000078c000000,0x000000078c800000)
 ParOldGen       total 94720K, used 49491K [0x0000000700000000, 0x0000000705c80000, 0x0000000780000000)
  object space 94720K, 52% used [0x0000000700000000,0x0000000703054c00,0x0000000705c80000)
 Metaspace       used 34893K, capacity 35340K, committed 35496K, reserved 1079296K
  class space    used 5710K, capacity 5850K, committed 5888K, reserved 1048576K
Event: 5.998 GC heap after
Heap after GC invocations=6 (full 1):
 PSYoungGen      total 204800K, used 8192K [0x0000000780000000, 0x0000000792b80000, 0x00000007c0000000)
  eden space 196608K, 0% used [0x0000000780000000,0x0000000780000000,0x000000078c000000)
  from space 8192K, 100% used [0x000000078c000000,0x000000078c800000,0x000000078c800000)
  to   space 37376K, 0% used [0x0000000790700000,0x0000000790700000,0x0000000792b80000)
 ParOldGen       total 94720K, used 58682K [0x0000000700000000, 0x0000000705c80000, 0x0000000780000000)
  object space 94720K, 61% used [0x0000000700000000,0x000000070394e888,0x0000000705c80000)
 Metaspace       used 34893K, capacity 35340K, committed 35496K, reserved 1079296K
  class space    used 5710K, capacity 5850K, committed 5888K, reserved 1048576K
}
Event: 5.998 GC heap before
{Heap before GC invocations=7 (full 2):
 PSYoungGen      total 204800K, used 8192K [0x0000000780000000, 0x0000000792b80000, 0x00000007c0000000)
  eden space 196608K, 0% used [0x0000000780000000,0x0000000780000000,0x000000078c000000)
  from space 8192K, 100% used [0x000000078c000000,0x000000078c800000,0x000000078c800000)
  to   space 37376K, 0% used [0x0000000790700000,0x0000000790700000,0x0000000792b80000)
 ParOldGen       total 94720K, used 58682K [0x0000000700000000, 0x0000000705c80000, 0x0000000780000000)
  object space 94720K, 61% used [0x0000000700000000,0x000000070394e888,0x0000000705c80000)
 Metaspace       used 34893K, capacity 35340K, committed 35496K, reserved 1079296K
  class space    used 5710K, capacity 5850K, committed 5888K, reserved 1048576K

